<?xml version="1.0" encoding="UTF-8"?>
<!-- Generated by org.testng.reporters.JUnitReportReporter -->
<testsuite skipped="0" hostname="LenovoUser-PC" name="testCase.TC_001_LOGIN" tests="1" failures="0" timestamp="2020-02-08T15:47:13 IST" time="10.108" errors="0">
  <testcase name="runlogin" time="10.108" classname="testCase.TC_001_LOGIN"/>
</testsuite> <!-- testCase.TC_001_LOGIN -->
